"../../../Engine/Content/ArtTools/RenderToTexture/Enums/RenderToTexture_Enum.uasset" 0
"../../../Engine/Content/ArtTools/RenderToTexture/Enums/RenderToTexture_Flipbook_Enum.uasset" 1
"../../../Engine/Content/ArtTools/RenderToTexture/Enums/RenderToTexture_Imposter_Enum.uasset" 2
"../../../Engine/Content/EditorBlueprintResources/StandardMacros.uasset" 3
"../../../Engine/Content/ArtTools/RenderToTexture/Enums/EIntTypes.uasset" 4
"../../../Engine/Content/ArtTools/RenderToTexture/Macros/RenderToTextureFunctionLibrary.uasset" 5
"../../../Engine/Content/ArtTools/RenderToTexture/Enums/EFloatTypes.uasset" 6
"../../../Engine/Content/ArtTools/RenderToTexture/Macros/RenderToTextureMacros.uasset" 7
"../../../Engine/Content/Functions/Engine_MaterialFunctions01/Opacity/CameraDepthFade.uasset" 8
"../../../Engine/Content/EngineMaterials/T_Default_Material_Grid_M.uasset" 9
"../../../Engine/Content/EngineMaterials/T_Default_Material_Grid_N.uasset" 10
"../../../Engine/Content/EngineMaterials/WorldGridMaterial.uasset" 11
"../../../Engine/Content/ArtTools/RenderToTexture/Meshes/S_1_Unit_Plane.uasset" 12
"../../../Engine/Content/EngineMaterials/DefaultMaterial.uasset" 13
"../../../Engine/Content/BasicShapes/Cone.uasset" 14
"../../../Engine/Content/BasicShapes/Cube.uasset" 15
"../../../Engine/Content/BasicShapes/Cylinder.uasset" 16
"../../../Engine/Content/BasicShapes/Sphere.uasset" 17
"../../../Engine/Content/EngineMaterials/DefaultPhysicalMaterial.uasset" 18
"../../../Engine/Content/BufferVisualization/AmbientOcclusion.uasset" 19
"../../../Engine/Content/BufferVisualization/BaseColor.uasset" 20
"../../../Engine/Content/BufferVisualization/CustomDepth.uasset" 21
"../../../Engine/Content/Functions/Engine_MaterialFunctions02/Utility/VectorLength.uasset" 22
"../../../Engine/Content/BufferVisualization/CustomDepthWorldUnits.uasset" 23
"../../../Engine/Content/Functions/Engine_MaterialFunctions02/Utility/BreakOutFloat2Components.uasset" 24
"../../../Engine/Content/Functions/Engine_MaterialFunctions01/Texturing/ScaleUVsByCenter.uasset" 25
"../../../Engine/Content/Functions/Engine_MaterialFunctions02/ScreenResolution.uasset" 26
"../../../Engine/Content/Functions/Engine_MaterialFunctions02/Texturing/ScreenAlignedUVs.uasset" 27
"../../../Engine/Content/Functions/Engine_MaterialFunctions02/Utility/MakeFloat2.uasset" 28
"../../../Engine/Content/Functions/Engine_MaterialFunctions02/Utility/MakeFloat3.uasset" 29
"../../../Engine/Content/EngineMaterials/MiniFont.uasset" 30
"../../../Engine/Content/BufferVisualization/CustomStencil.uasset" 31
"../../../Engine/Content/BufferVisualization/FinalImage.uasset" 32
"../../../Engine/Content/BufferVisualization/LightingModel.uasset" 33
"../../../Engine/Content/BufferVisualization/MaterialAO.uasset" 34
"../../../Engine/Content/BufferVisualization/Metallic.uasset" 35
"../../../Engine/Content/BufferVisualization/Opacity.uasset" 36
"../../../Engine/Content/BufferVisualization/PostTonemapHDRColor.uasset" 37
"../../../Engine/Content/BufferVisualization/PreTonemapHDRColor.uasset" 38
"../../../Engine/Content/BufferVisualization/Roughness.uasset" 39
"../../../Engine/Content/BufferVisualization/SceneColor.uasset" 40
"../../../Engine/Content/BufferVisualization/SceneDepth.uasset" 41
"../../../Engine/Content/BufferVisualization/SceneDepthWorldUnits.uasset" 42
"../../../Engine/Content/BufferVisualization/SeparateTranslucencyA.uasset" 43
"../../../Engine/Content/BufferVisualization/SeparateTranslucencyRGB.uasset" 44
"../../../Engine/Content/BufferVisualization/Specular.uasset" 45
"../../../Engine/Content/BufferVisualization/SubsurfaceColor.uasset" 46
"../../../Engine/Content/BufferVisualization/WorldNormal.uasset" 47
"../../../Engine/Content/EditorBlueprintResources/ActorMacros.uasset" 48
"../../../Engine/Content/EditorLandscapeResources/DataLayer.uasset" 49
"../../../Engine/Content/EditorLandscapeResources/DefaultAlphaTexture.uasset" 50
"../../../Engine/Content/EditorLandscapeResources/LandscapeGizmoHeight_Mat.uasset" 51
"../../../Engine/Content/EditorLandscapeResources/LandscapeGizmo_Mat.uasset" 52
"../../../Engine/Content/EditorLandscapeResources/LandscapeGizmo_Mat_Copied.uasset" 53
"../../../Engine/Content/EditorLandscapeResources/SplineEditorMeshMat.uasset" 54
"../../../Engine/Content/EditorLandscapeResources/SplineEditorMesh.uasset" 55
"../../../Engine/Content/EditorMaterials/Cross.uasset" 56
"../../../Engine/Content/EditorMaterials/Cross_Mat.uasset" 57
"../../../Engine/Content/EditorMaterials/GizmoMaterial.uasset" 58
"../../../Engine/Content/Functions/Engine_MaterialFunctions02/Utility/Sign.uasset" 59
"../../../Engine/Content/Functions/Engine_MaterialFunctions02/Utility/Round.uasset" 60
"../../../Engine/Content/Functions/Engine_MaterialFunctions02/ExampleContent/Textures/flipbook.uasset" 61
"../../../Engine/Content/Functions/Engine_MaterialFunctions02/Texturing/FlipBook.uasset" 62
"../../../Engine/Content/EditorResources/T_EditorHelp.uasset" 63
"../../../Engine/Content/EditorMaterials/HelpActorMaterial.uasset" 64
"../../../Engine/Content/EditorMaterials/CompositeARGBLayer.uasset" 65
"../../../Engine/Content/EditorMaterials/TilingAALineIntegral.uasset" 66
"../../../Engine/Content/EditorMaterials/TilingAALineBoxFiltered.uasset" 67
"../../../Engine/Content/Functions/Engine_MaterialFunctions03/Procedurals/ComputeFilterWidth.uasset" 68
"../../../Engine/Content/EditorMaterials/TilingAADots.uasset" 69
"../../../Engine/Content/EditorMaterials/Cascade/CASC_Cross.uasset" 70
"../../../Engine/Content/EditorMaterials/Cascade/CASC_None.uasset" 71
"../../../Engine/Content/Functions/Engine_MaterialFunctions03/Blends/Blend_Screen.uasset" 72
"../../../Engine/Content/EditorMaterials/TilingAAGrid.uasset" 73
"../../../Engine/Content/EditorMaterials/LevelGridMaterial.uasset" 74
"../../../Engine/Content/EditorMaterials/MakeCompositeARGBLayer.uasset" 75
"../../../Engine/Content/EditorResources/LevelGrid1DStripes.uasset" 76
"../../../Engine/Content/EditorMaterials/TextureGridCascaded1D.uasset" 77
"../../../Engine/Content/EditorMaterials/TextureGridCascaded2D.uasset" 78
"../../../Engine/Content/EditorMaterials/LevelGridMaterial2.uasset" 79
"../../../Engine/Content/EditorMaterials/MAT_Groups_Toggle.uasset" 80
"../../../Engine/Content/EditorMaterials/MAT_Groups_Visibility.uasset" 81
"../../../Engine/Content/EditorMaterials/AntialiasedGridFloor.uasset" 82
"../../../Engine/Content/EditorResources/TilePatine_D.uasset" 83
"../../../Engine/Content/EditorResources/TilePatine_N.uasset" 84
"../../../Engine/Content/EngineMaterials/Grid.uasset" 85
"../../../Engine/Content/EditorMaterials/PersonaFloorMat.uasset" 86
"../../../Engine/Content/EditorMaterials/PhAT_BoneSelectedMaterial.uasset" 87
"../../../Engine/Content/EditorMaterials/PhAT_ElemSelectedMaterial.uasset" 88
"../../../Engine/Content/EditorMaterials/PhAT_NoCollisionMaterial.uasset" 89
"../../../Engine/Content/EditorMaterials/PhAT_UnselectedMaterial.uasset" 90
"../../../Engine/Content/EditorMaterials/PreviewShadowIndicator.uasset" 91
"../../../Engine/Content/EditorMaterials/PreviewShadowIndicatorMaterial.uasset" 92
"../../../Engine/Content/EditorMaterials/TargetIcon.uasset" 93
"../../../Engine/Content/EditorMaterials/Tick.uasset" 94
"../../../Engine/Content/EditorMaterials/Tick_Mat.uasset" 95
"../../../Engine/Content/EditorMaterials/WidgetGridVertexColorMaterial.uasset" 96
"../../../Engine/Content/EditorMaterials/WidgetGridVertexColorMaterial_Ma.uasset" 97
"../../../Engine/Content/EditorMaterials/WidgetMaterial.uasset" 98
"../../../Engine/Content/EditorMaterials/WidgetMaterial_X.uasset" 99
"../../../Engine/Content/EditorMaterials/WidgetMaterial_Y.uasset" 100
"../../../Engine/Content/EditorMaterials/WidgetMaterial_Z.uasset" 101
"../../../Engine/Content/EditorMaterials/WidgetVertexColorMaterial.uasset" 102
"../../../Engine/Content/EditorMaterials/AssetViewer/EpicQuadPanorama_CC+EV1.uasset" 103
"../../../Engine/Content/MapTemplates/Sky/SunsetAmbientCubemap.uasset" 104
"../../../Engine/Content/EditorMaterials/AssetViewer/M_SkyBox.uasset" 105
"../../../Engine/Content/EditorMaterials/MatineeGroups/MAT_ColorTrack.uasset" 106
"../../../Engine/Content/EditorMaterials/MatineeGroups/MAT_Groups_Anim.uasset" 107
"../../../Engine/Content/EditorMaterials/MatineeGroups/MAT_Groups_AudioMaster.uasset" 108
"../../../Engine/Content/EditorMaterials/MatineeGroups/MAT_Groups_Director.uasset" 109
"../../../Engine/Content/EditorMaterials/MatineeGroups/MAT_Groups_Event.uasset" 110
"../../../Engine/Content/EditorMaterials/MatineeGroups/MAT_Groups_Fade.uasset" 111
"../../../Engine/Content/EditorMaterials/MatineeGroups/MAT_Groups_Float.uasset" 112
"../../../Engine/Content/EditorMaterials/MatineeGroups/MAT_Groups_Move.uasset" 113
"../../../Engine/Content/EditorMaterials/MatineeGroups/MAT_Groups_Slomo.uasset" 114
"../../../Engine/Content/EditorMaterials/MatineeGroups/MAT_Groups_Sound.uasset" 115
"../../../Engine/Content/EditorMaterials/MatineeGroups/MAT_Groups_Vector.uasset" 116
"../../../Engine/Content/EditorMaterials/ParticleSystems/PSysThumbnail_NoImage.uasset" 117
"../../../Engine/Content/EditorMaterials/ParticleSystems/PSysThumbnail_OOD.uasset" 118
"../../../Engine/Content/EditorMaterials/Thumbnails/FloorPlaneMaterial.uasset" 119
"../../../Engine/Content/EditorMeshes/EditorCylinder.uasset" 120
"../../../Engine/Content/EditorMeshes/EditorPlane.uasset" 121
"../../../Engine/Content/EditorMaterials/Thumbnails/SkySphereMaterial.uasset" 122
"../../../Engine/Content/EditorMeshes/EditorSkySphere.uasset" 123
"../../../Engine/Content/EditorMeshes/EditorSphere.uasset" 124
"../../../Engine/Content/EditorResources/MatineeCam_D.uasset" 125
"../../../Engine/Content/EditorMaterials/MatineeCam_mat.uasset" 126
"../../../Engine/Content/EditorMeshes/MatineeCam_SM.uasset" 127
"../../../Engine/Content/Functions/Engine_MaterialFunctions01/Shading/ConvertFromDiffSpec.uasset" 128
"../../../Engine/Content/EditorMaterials/GridMaterial.uasset" 129
"../../../Engine/Content/EditorMeshes/PhAT_FloorBox.uasset" 130
"../../../Engine/Content/EditorMeshes/AssetViewer/Floor_Mesh.uasset" 131
"../../../Engine/Content/EditorMeshes/AssetViewer/Sphere_inversenormals.uasset" 132
"../../../Engine/Content/EditorMaterials/Camera/CineMat.uasset" 133
"../../../Engine/Content/EditorMaterials/Camera/MI_CineMat_CameraBody.uasset" 134
"../../../Engine/Content/EngineDebugMaterials/M_SimpleOpaque.uasset" 135
"../../../Engine/Content/EditorMaterials/Camera/MI_CineMat_CamViewFinder.uasset" 136
"../../../Engine/Content/EditorMeshes/Camera/SM_CineCam.uasset" 137
"../../../Engine/Content/EditorMaterials/Camera/MI_CineMat_Rig.uasset" 138
"../../../Engine/Content/EditorMeshes/Camera/SM_CraneRig_Arm.uasset" 139
"../../../Engine/Content/EditorMeshes/Camera/SM_CraneRig_Base.uasset" 140
"../../../Engine/Content/EditorMeshes/Camera/SM_CraneRig_Body.uasset" 141
"../../../Engine/Content/EditorMeshes/Camera/SM_CraneRig_Mount.uasset" 142
"../../../Engine/Content/EditorMeshes/Camera/SM_RailRig_Mount.uasset" 143
"../../../Engine/Content/EditorMeshes/Camera/SM_RailRig_Track.uasset" 144
"../../../Engine/Content/EditorMeshes/ColorCalibrator/M_ChromeBall.uasset" 145
"../../../Engine/Content/EditorMeshes/ColorCalibrator/M_ClearCoat.uasset" 146
"../../../Engine/Content/EditorMeshes/ColorCalibrator/M_ClearCoatBlack.uasset" 147
"../../../Engine/Content/EditorMeshes/ColorCalibrator/T_ColorGrid.uasset" 148
"../../../Engine/Content/EditorMeshes/ColorCalibrator/M_ColorGrid.uasset" 149
"../../../Engine/Content/EditorMeshes/ColorCalibrator/M_GreyBall.uasset" 150
"../../../Engine/Content/EditorMeshes/ColorCalibrator/SM_ColorCalibrator.uasset" 151
"../../../Engine/Content/EditorResources/Bad.uasset" 152
"../../../Engine/Content/EditorResources/BadBlueprintSprite.uasset" 153
"../../../Engine/Content/EditorResources/BSPVertex.uasset" 154
"../../../Engine/Content/EditorResources/EmptyActor.uasset" 155
"../../../Engine/Content/EditorResources/MatInstActSprite.uasset" 156
"../../../Engine/Content/EditorResources/RGBTable16x1_AssetViewer.uasset" 157
"../../../Engine/Content/EditorResources/SceneManager.uasset" 158
"../../../Engine/Content/EditorResources/SimplygonLogo.uasset" 159
"../../../Engine/Content/EditorResources/SmallFont.uasset" 160
"../../../Engine/Content/EditorResources/S_Actor.uasset" 161
"../../../Engine/Content/EditorResources/S_DecalActorIcon.uasset" 162
"../../../Engine/Content/EditorResources/S_Emitter.uasset" 163
"../../../Engine/Content/EditorResources/S_ExpoHeightFog.uasset" 164
"../../../Engine/Content/EditorResources/S_FTest.uasset" 165
"../../../Engine/Content/EditorResources/S_KBSJoint.uasset" 166
"../../../Engine/Content/EditorResources/S_KHinge.uasset" 167
"../../../Engine/Content/EditorResources/S_KPrismatic.uasset" 168
"../../../Engine/Content/EditorResources/S_LevelSequence.uasset" 169
"../../../Engine/Content/EditorResources/S_NavP.uasset" 170
"../../../Engine/Content/EditorResources/S_Note.uasset" 171
"../../../Engine/Content/EditorResources/S_Player.uasset" 172
"../../../Engine/Content/EditorResources/S_PortalActorIcon2.uasset" 173
"../../../Engine/Content/EditorResources/S_RadForce.uasset" 174
"../../../Engine/Content/EditorResources/S_ReflActorIcon.uasset" 175
"../../../Engine/Content/EditorResources/S_Terrain.uasset" 176
"../../../Engine/Content/EditorResources/S_TextRenderActorIcon.uasset" 177
"../../../Engine/Content/EditorResources/S_Thruster.uasset" 178
"../../../Engine/Content/EditorResources/S_Trigger.uasset" 179
"../../../Engine/Content/EditorResources/S_VectorFieldVol.uasset" 180
"../../../Engine/Content/EditorResources/S_WindDirectional.uasset" 181
"../../../Engine/Content/EditorResources/AI/S_NavLink.uasset" 182
"../../../Engine/Content/EditorResources/AudioIcons/S_AudioComponent.uasset" 183
"../../../Engine/Content/EditorResources/AudioIcons/S_AudioComponent_AutoActivate.uasset" 184
"../../../Engine/Content/EditorResources/LightIcons/SkyLight.uasset" 185
"../../../Engine/Content/EditorResources/LightIcons/S_LightDirectional.uasset" 186
"../../../Engine/Content/EditorResources/LightIcons/S_LightDirectionalMove.uasset" 187
"../../../Engine/Content/EditorResources/LightIcons/S_LightError.uasset" 188
"../../../Engine/Content/EditorResources/LightIcons/S_LightPoint.uasset" 189
"../../../Engine/Content/EditorResources/LightIcons/S_LightPointMove.uasset" 190
"../../../Engine/Content/EditorResources/LightIcons/S_LightSpot.uasset" 191
"../../../Engine/Content/EditorResources/LightIcons/S_LightSpotMove.uasset" 192
"../../../Engine/Content/EditorResources/SequenceRecorder/Countdown.uasset" 193
"../../../Engine/Content/EditorResources/SequenceRecorder/RecordingIndicator.uasset" 194
"../../../Engine/Content/EditorResources/Spline/T_Loft_Spline.uasset" 195
"../../../Engine/Content/EditorSounds/GamePreview/EndPlayInEditor.uasset" 196
"../../../Engine/Content/EditorSounds/GamePreview/EndPlayInEditor_Cue.uasset" 197
"../../../Engine/Content/EditorSounds/GamePreview/StartPlayInEditor.uasset" 198
"../../../Engine/Content/EditorSounds/GamePreview/StartPlayInEditor_Cue.uasset" 199
"../../../Engine/Content/EditorSounds/Notifications/CompileFailed.uasset" 200
"../../../Engine/Content/EditorSounds/Notifications/CompileFailed_Cue.uasset" 201
"../../../Engine/Content/EditorSounds/Notifications/CompileSuccess.uasset" 202
"../../../Engine/Content/EditorSounds/Notifications/CompileStart_Cue.uasset" 203
"../../../Engine/Content/EditorSounds/Notifications/CompileSuccess_Cue.uasset" 204
"../../../Engine/Content/EngineDamageTypes/DmgTypeBP_Environmental.uasset" 205
"../../../Engine/Content/EngineDebugMaterials/HeatmapGradient.uasset" 206
"../../../Engine/Content/EngineDebugMaterials/BoneWeightMaterial.uasset" 207
"../../../Engine/Content/EngineDebugMaterials/DebugMeshMaterial.uasset" 208
"../../../Engine/Content/EngineDebugMaterials/GeomMaterial.uasset" 209
"../../../Engine/Content/EngineDebugMaterials/LevelColorationLitMaterial.uasset" 210
"../../../Engine/Content/EngineDebugMaterials/LevelColorationUnlitMaterial.uasset" 211
"../../../Engine/Content/EngineMaterials/DefaultWhiteGrid.uasset" 212
"../../../Engine/Content/EngineDebugMaterials/MAT_LevelColorationLitLightmapUV.uasset" 213
"../../../Engine/Content/EngineDebugMaterials/M_SimpleTranslucent.uasset" 214
"../../../Engine/Content/EngineDebugMaterials/ShadedLevelColorationLitMaterial.uasset" 215
"../../../Engine/Content/EngineDebugMaterials/ShadedLevelColorationUnlitMateri.uasset" 216
"../../../Engine/Content/EngineDebugMaterials/VertexColorMaterial.uasset" 217
"../../../Engine/Content/EngineDebugMaterials/VertexColorViewMode_AlphaAsColor.uasset" 218
"../../../Engine/Content/EngineDebugMaterials/VertexColorViewMode_BlueOnly.uasset" 219
"../../../Engine/Content/EngineDebugMaterials/VertexColorViewMode_ColorOnly.uasset" 220
"../../../Engine/Content/EngineDebugMaterials/VertexColorViewMode_GreenOnly.uasset" 221
"../../../Engine/Content/EngineDebugMaterials/VertexColorViewMode_RedOnly.uasset" 222
"../../../Engine/Content/EngineDebugMaterials/WireframeMaterial.uasset" 223
"../../../Engine/Content/EngineFonts/Roboto.uasset" 224
"../../../Engine/Content/EngineFonts/RobotoTiny.uasset" 225
"../../../Engine/Content/EngineFonts/SmallFont.uasset" 226
"../../../Engine/Content/EngineFonts/TinyFont.uasset" 227
"../../../Engine/Content/EngineResources/WhiteSquareTexture.uasset" 228
"../../../Engine/Content/EngineMaterials/BlinkingCaret.uasset" 229
"../../../Engine/Content/EngineMaterials/DefaultBokeh.uasset" 230
"../../../Engine/Content/EngineMaterials/DefaultDiffuse.uasset" 231
"../../../Engine/Content/EngineMaterials/DefaultDeferredDecalMaterial.uasset" 232
"../../../Engine/Content/EngineMaterials/DefaultLightFunctionMaterial.uasset" 233
"../../../Engine/Content/EngineMaterials/DefaultNormal.uasset" 234
"../../../Engine/Content/EngineMaterials/DefaultPostProcessMaterial.uasset" 235
"../../../Engine/Content/EngineFonts/RobotoDistanceField.uasset" 236
"../../../Engine/Content/EngineMaterials/DefaultTextMaterialOpaque.uasset" 237
"../../../Engine/Content/EngineMaterials/EditorBrushMaterial.uasset" 238
"../../../Engine/Content/EngineMaterials/Good64x64TilingNoiseHighFreq.uasset" 239
"../../../Engine/Content/EngineMaterials/Grid_N.uasset" 240
"../../../Engine/Content/EngineMaterials/HighResolutionScreenshotMaskFunction.uasset" 241
"../../../Engine/Content/EngineMaterials/HighResScreenshot.uasset" 242
"../../../Engine/Content/EngineMaterials/HighResScreenshotCaptureRegion.uasset" 243
"../../../Engine/Content/EngineMaterials/HighResScreenshotMask.uasset" 244
"../../../Engine/Content/EngineMaterials/LandscapeHolePhysicalMaterial.uasset" 245
"../../../Engine/Content/EngineMaterials/InvalidLightmapSettings.uasset" 246
"../../../Engine/Content/EngineMaterials/M_InvalidLightmapSettings.uasset" 247
"../../../Engine/Content/EngineMaterials/PaperDiffuse.uasset" 248
"../../../Engine/Content/EngineMaterials/PaperNormal.uasset" 249
"../../../Engine/Content/EngineMaterials/PhAT_JointLimitMaterial.uasset" 250
"../../../Engine/Content/EngineMaterials/PreintegratedSkinBRDF.uasset" 251
"../../../Engine/Content/EngineMaterials/RemoveSurfaceMaterial.uasset" 252
"../../../Engine/Content/EngineMaterials/WeightMapPlaceholderTexture.uasset" 253
"../../../Engine/Content/EngineMaterials/Widget3DPassThrough.uasset" 254
"../../../Engine/Content/EngineMaterials/Widget3DPassThrough_Masked.uasset" 255
"../../../Engine/Content/EngineMaterials/Widget3DPassThrough_Opaque.uasset" 256
"../../../Engine/Content/EngineMaterials/Widget3DPassThrough_Masked_OneSided.uasset" 257
"../../../Engine/Content/EngineMaterials/Widget3DPassThrough_Opaque_OneSided.uasset" 258
"../../../Engine/Content/EngineMaterials/Widget3DPassThrough_Translucent.uasset" 259
"../../../Engine/Content/EngineMaterials/Widget3DPassThrough_Translucent_OneSided.uasset" 260
"../../../Engine/Content/EngineMeshes/Cube.uasset" 261
"../../../Engine/Content/EngineMeshes/Cylinder.uasset" 262
"../../../Engine/Content/EngineMeshes/Sphere.uasset" 263
"../../../Engine/Content/EngineResources/AICON-Green.uasset" 264
"../../../Engine/Content/EngineResources/AICON-Red.uasset" 265
"../../../Engine/Content/EngineResources/Black.uasset" 266
"../../../Engine/Content/EngineResources/DefaultTexture.uasset" 267
"../../../Engine/Content/EngineResources/DefaultTextureCube.uasset" 268
"../../../Engine/Content/EngineResources/GradientTexture0.uasset" 269
"../../../Engine/Content/EngineResources/StreamingPauseIcon.uasset" 270
"../../../Engine/Content/EngineResources/M_StreamingPause.uasset" 271
"../../../Engine/Content/EngineSounds/Master.uasset" 272
"../../../Engine/Content/EngineSounds/MasterSubmix.uasset" 273
"../../../Engine/Content/EngineTireTypes/DefaultTireType.uasset" 274
"../../../Engine/Content/Functions/Engine_MaterialFunctions01/Shading/PowerToRoughness.uasset" 275
"../../../Engine/Content/Maps/Templates/Thumbnails/Default.uasset" 276
"../../../Engine/Content/Maps/Templates/Thumbnails/VR-Basic.uasset" 277
"../../../Engine/Content/MobileResources/T_MobileControls_texture.uasset" 278
"../../../Engine/Content/MobileResources/T_MobileMenu2.uasset" 279
"../../../Engine/Content/MobileResources/HUD/AnalogHat.uasset" 280
"../../../Engine/Content/MobileResources/HUD/VirtualJoystick_Background.uasset" 281
"../../../Engine/Content/MobileResources/HUD/VirtualJoystick_Thumb.uasset" 282
"../../../Engine/Content/MobileResources/HUD/DefaultVirtualJoysticks.uasset" 283
"../../../Engine/Content/MobileResources/HUD/LeftVirtualJoystickOnly.uasset" 284
"../../../Engine/Content/MobileResources/HUD/MobileHUDButton1_off.uasset" 285
"../../../Engine/Content/MobileResources/HUD/MobileHUDButton1_on.uasset" 286
"../../../Engine/Content/MobileResources/HUD/MobileHUDButton2_off.uasset" 287
"../../../Engine/Content/MobileResources/HUD/MobileHUDButton2_on.uasset" 288
"../../../Engine/Content/MobileResources/HUD/MobileHUDButton3.uasset" 289
"../../../Engine/Content/MobileResources/HUD/MobileHUDButtonFire.uasset" 290
"../../../Engine/Content/MobileResources/HUD/MobileHUDDirectionPad.uasset" 291
"../../../Engine/Content/MobileResources/HUD/MobileHUDDirectionPad2.uasset" 292
"../../../Engine/Content/MobileResources/HUD/MobileHUDDirectionPad3.uasset" 293
"../../../Engine/Content/MobileResources/HUD/MobileHUDDirectionStick.uasset" 294
"../../../Engine/Content/MobileResources/HUD/T_Castle_ThumbstickInner.uasset" 295
"../../../Engine/Content/MobileResources/HUD/T_Castle_ThumbstickOutter.uasset" 296
"../../../Engine/Content/Tutorial/ContentIntroCurve.uasset" 297
"../../../Engine/Content/Tutorial/Basics/TutorialAssets/icon_tab_Levels_40x.uasset" 298
"../../../Engine/Content/Tutorial/BlueprintTutorials/TutorialAssets/BlueprintInterface_64x.uasset" 299
"../../../Engine/Content/Tutorial/BlueprintTutorials/TutorialAssets/BlueprintMacroLibrary_64x.uasset" 300
"../../../Engine/Content/Tutorial/BlueprintTutorials/TutorialAssets/Blueprint_64x.uasset" 301
"../../../Engine/Content/Tutorial/BlueprintTutorials/TutorialAssets/Tutorial_BP_Interface.uasset" 302
"../../../Engine/Content/Tutorial/Foliage/TutorialAssets/Foliage.uasset" 303
"../../../Engine/Content/Tutorial/Landscape/TutorialAssets/Landscape.uasset" 304
"../../../Engine/Content/Tutorial/Paper2D/TutorialAssets/Paper2DFlipbook_TutorialIcon.uasset" 305
"../../../Engine/Content/Tutorial/Paper2D/TutorialAssets/Paper2DSprite_TutorialIcon.uasset" 306
"../../../Engine/Content/Tutorial/SubEditors/TutorialAssets/icon_Editor_Preferences_General_40x.uasset" 307
"../../../Engine/Content/Tutorial/SubEditors/TutorialAssets/icon_ShowSkeletalMeshes_40x.uasset" 308
"../../../Engine/Content/Tutorial/SubEditors/TutorialAssets/TutorialMaterial.uasset" 309
"../../../Engine/Content/Tutorial/SubEditors/TutorialAssets/T_SmokeSubUV_8X8.uasset" 310
"../../../Engine/Content/Tutorial/SubEditors/TutorialAssets/T_soft_smoke.uasset" 311
"../../../Engine/Content/Tutorial/SubEditors/TutorialAssets/M_smoke_subUV_blackbody.uasset" 312
"../../../Engine/Content/Tutorial/SubEditors/TutorialAssets/TutorialParticleSystem.uasset" 313
"../../../Engine/Content/EditorMeshes/EditorCube.uasset" 314
"../../../Engine/Content/Tutorial/SubEditors/TutorialAssets/Tutorial_DM.uasset" 315
"../../../Engine/Content/VREditor/Devices/Generic/GenericHMDMaterial.uasset" 316
"../../../Engine/Content/VREditor/Devices/Generic/GenericHMD.uasset" 317
"../../../Engine/Content/VREditor/FloatingText/LineMaterial.uasset" 318
"../../../Engine/Content/VREditor/FloatingText/JointSphere.uasset" 319
"../../../Engine/Content/VREditor/FloatingText/LineSegmentCylinder.uasset" 320
"../../../Engine/Content/VREditor/Fonts/VRText_RobotoLarge.uasset" 321
"../../../Engine/Content/VREditor/Fonts/VRTextMaterial.uasset" 322
"../../../Engine/Content/VREditor/Fonts/TranslucentVRTextMaterial.uasset" 323
"../../../Engine/Content/VREditor/LaserPointer/VR_LaserPower_01.uasset" 324
"../../../Engine/Content/VREditor/LaserPointer/LaserPointerMaterial.uasset" 325
"../../../Engine/Content/VREditor/LaserPointer/LaserPointerMaterialInst.uasset" 326
"../../../Engine/Content/VREditor/LaserPointer/TranslucentLaserPointerMaterialInst.uasset" 327
"../../../Engine/Content/VREditor/LaserPointer/LaserPointerMesh.uasset" 328
"../../../Engine/Content/VREditor/Sounds/VR_grab_Cue.uasset" 329
"../../../Engine/Content/VREditor/Sounds/VR_teleport_Cue.uasset" 330
"../../../Engine/Content/VREditor/TransformGizmo/TransformGizmoMaterial.uasset" 331
"../../../Engine/Content/VREditor/TransformGizmo/TranslucentTransformGizmoMaterial.uasset" 332
"../../../Engine/Content/VREditor/TransformGizmo/BoundingBoxCorner.uasset" 333
"../../../Engine/Content/VREditor/TransformGizmo/BoundingBoxEdge.uasset" 334
"../../../Engine/Content/VREditor/TransformGizmo/PlaneTranslationHandle.uasset" 335
"../../../Engine/Content/VREditor/TransformGizmo/RotationHandle.uasset" 336
"../../../Engine/Content/VREditor/TransformGizmo/RotationHandleFull.uasset" 337
"../../../Engine/Content/VREditor/TransformGizmo/StretchingHandle.uasset" 338
"../../../Engine/Content/VREditor/TransformGizmo/TranslateHandleLong.uasset" 339
"../../../Engine/Content/VREditor/TransformGizmo/TranslationHandle.uasset" 340
"../../../Engine/Content/VREditor/TransformGizmo/UniformScaleHandle.uasset" 341
"../../../Engine/Content/VREditor/Tutorial/UMG/Specialized/AnimsForHands.uasset" 342
"../../../Engine/Content/VREditor/UI/CloseButtonMesh.uasset" 343
"../../../Engine/Content/VREditor/UI/SelectionBarMesh.uasset" 344
"../../../Engine/Content/Functions/Engine_MaterialFunctions01/Gradient/RadialGradient.uasset" 345
"../../../Engine/Content/VREditor/WorldMovementGrid/SimpleGrid.uasset" 346
"../../../Engine/Content/VREditor/WorldMovementGrid/GridMaterial.uasset" 347
"../../../Engine/Content/Functions/Engine_MaterialFunctions01/Density/ExponentialDensity.uasset" 348
"../../../Engine/Content/VREditor/WorldMovementGrid/GridPostProcess.uasset" 349
"../../../Engine/Content/EditorLandscapeResources/FlattenHeightMat.uasset" 350
"../../../Engine/Content/VREditor/WorldMovementGrid/PlaneMesh.uasset" 351
"../../../SpaceCombat/Content/Resistance-AssaultRifle_03-Single_Shot-04.uasset" 352
"../../../SpaceCombat/Content/NewSoundAttenuation.uasset" 353
"../../../SpaceCombat/Content/Audio/Sinematic_-_Complex_Tech_Hits_-_04.uasset" 354
"../../../SpaceCombat/Content/Textures/GreenCrosshair2.uasset" 355
"../../../SpaceCombat/Content/Blueprints/MyHUD.uasset" 356
"../../../SpaceCombat/Content/Blueprints/NewGameMode.uasset" 357
"../../../SpaceCombat/Content/Effects/Textures/LensFlare/Flare_02.uasset" 358
"../../../SpaceCombat/Content/Effects/Materials/LensFlare/M_LensFlare_02.uasset" 359
"../../../SpaceCombat/Content/Effects/Materials/Ramp/M_radial_ramp_soft.uasset" 360
"../../../SpaceCombat/Content/Effects/Textures/Smoke/T_Clouds_01.uasset" 361
"../../../SpaceCombat/Content/Effects/Textures/Smoke/T_SmokeBall_01_8_8.uasset" 362
"../../../SpaceCombat/Content/Effects/Materials/Smoke/M_ImpactSmoke.uasset" 363
"../../../SpaceCombat/Content/Effects/Textures/Water/T_Steam_02_Packed.uasset" 364
"../../../SpaceCombat/Content/Effects/Materials/Smoke/M_MuzzleSmokeDetail_GPU.uasset" 365
"../../../SpaceCombat/Content/Effects/Textures/Spark/T_SparkCore_2X2.uasset" 366
"../../../SpaceCombat/Content/Effects/Materials/spark/M_spark_subUV.uasset" 367
"../../../SpaceCombat/Content/Effects/P_AssaultRifle_IH.uasset" 368
"../../../SpaceCombat/Content/Effects/Textures/LensFlare/T_Lensflare_01.uasset" 369
"../../../SpaceCombat/Content/Effects/Materials/LensFlare/M_Lensflare_01.uasset" 370
"../../../SpaceCombat/Content/Effects/Materials/Ramp/M_SoftGradient_Muzzle.uasset" 371
"../../../SpaceCombat/Content/Effects/Materials/Smoke/M_SmokeBall.uasset" 372
"../../../SpaceCombat/Content/Effects/Textures/Weapon/T_muzzle_flashes.uasset" 373
"../../../SpaceCombat/Content/Effects/Materials/Weapon/M_muzzle_flash_subUV.uasset" 374
"../../../Engine/Content/Functions/Engine_MaterialFunctions01/Gradient/LinearGradient.uasset" 375
"../../../SpaceCombat/Content/Effects/Textures/Mask/T_SquareMaskTightEdge.uasset" 376
"../../../SpaceCombat/Content/Effects/Textures/Noise/T_TileNoise.uasset" 377
"../../../SpaceCombat/Content/Effects/Materials/Weapon/M_MuzzleGlow.uasset" 378
"../../../SpaceCombat/Content/Effects/Meshes/Weapon/SM_MuzzleCone.uasset" 379
"../../../SpaceCombat/Content/Effects/P_AssaultRifle_MF.uasset" 380
"../../../SpaceCombat/Content/Effects/Textures/T_explo_SubUV.uasset" 381
"../../../SpaceCombat/Content/Effects/Materials/M_explosion_subUV.uasset" 382
"../../../SpaceCombat/Content/Effects/P_Explosion_Large.uasset" 383
"../../../SpaceCombat/Content/StarterContent/Audio/Collapse01.uasset" 384
"../../../SpaceCombat/Content/StarterContent/Audio/Collapse02.uasset" 385
"../../../SpaceCombat/Content/StarterContent/Audio/Explosion01.uasset" 386
"../../../SpaceCombat/Content/StarterContent/Audio/Fire01.uasset" 387
"../../../SpaceCombat/Content/StarterContent/Audio/Fire_Sparks01.uasset" 388
"../../../SpaceCombat/Content/Textures/GreenCrosshair.uasset" 389
"../../../Engine/Plugins/2D/Paper2D/Content/DummySprite.uasset" 390
"../../../Engine/Plugins/2D/Paper2D/Content/DefaultPaperTerrainMaterial.uasset" 391
"../../../Engine/Plugins/2D/Paper2D/Content/DefaultSpriteMaterial.uasset" 392
"../../../Engine/Plugins/2D/Paper2D/Content/MaskedUnlitSpriteMaterial.uasset" 393
"../../../Engine/Plugins/2D/Paper2D/Content/OpaqueUnlitSpriteMaterial.uasset" 394
"../../../Engine/Plugins/2D/Paper2D/Content/PlaceholderTextures/DummySpriteTexture.uasset" 395
"../../../Engine/Content/ArtTools/RenderToTexture/Textures/127grey.uasset" 396
"../../../SpaceCombat/Content/Material/RedHot.uasset" 397
"../../../SpaceCombat/Content/Meshes/WeaponMeshes/Material_001.uasset" 398
"../../../SpaceCombat/Content/Meshes/WeaponMeshes/Material_002.uasset" 399
"../../../SpaceCombat/Content/Meshes/WeaponMeshes/Material_003.uasset" 400
"../../../SpaceCombat/Content/Meshes/WeaponMeshes/Drill.uasset" 401
"../../../SpaceCombat/Content/BaseProjectileC_BP.uasset" 402
"../../../SpaceCombat/Content/Audio/Alliance-AssaultRifle_05-Single_Shot-04.uasset" 403
"../../../SpaceCombat/Content/Meshes/Material_001.uasset" 404
"../../../SpaceCombat/Content/Meshes/Material_002.uasset" 405
"../../../SpaceCombat/Content/Meshes/WeaponMeshes/autogun.uasset" 406
"../../../SpaceCombat/Content/BaseProjectileWeaponC_BP.uasset" 407
"../../../SpaceCombat/Content/Material/Substance/metal_flat_unpainted.uasset" 408
"../../../SpaceCombat/Content/Material/Substance/Metal_Flat_Unpainted_INST.uasset" 409
"../../../SpaceCombat/Content/Material/Substance/Metal_Flat_Unpainted_INST_ambient_occlusion.uasset" 410
"../../../SpaceCombat/Content/Material/Substance/Metal_Flat_Unpainted_INST_basecolor.uasset" 411
"../../../SpaceCombat/Content/Material/Substance/Metal_Flat_Unpainted_INST_metallic.uasset" 412
"../../../SpaceCombat/Content/Material/Substance/Metal_Flat_Unpainted_INST_normal.uasset" 413
"../../../SpaceCombat/Content/Material/Substance/Metal_Flat_Unpainted_INST_roughness.uasset" 414
"../../../SpaceCombat/Content/Material/Substance/Metal_Flat_Unpainted_MAT.uasset" 415
"../../../SpaceCombat/Content/Material/Substance/metal_oxidized_aluminium.uasset" 416
"../../../SpaceCombat/Content/Material/Substance/Oxidized_Aluminium_INST.uasset" 417
"../../../SpaceCombat/Content/Material/Substance/Oxidized_Aluminium_INST_ambient_occlusion.uasset" 418
"../../../SpaceCombat/Content/Material/Substance/Oxidized_Aluminium_INST_basecolor.uasset" 419
"../../../SpaceCombat/Content/Material/Substance/Oxidized_Aluminium_INST_metallic.uasset" 420
"../../../SpaceCombat/Content/Material/Substance/Oxidized_Aluminium_INST_normal.uasset" 421
"../../../SpaceCombat/Content/Material/Substance/Oxidized_Aluminium_INST_roughness.uasset" 422
"../../../SpaceCombat/Content/Material/Substance/Oxidized_Aluminium_MAT.uasset" 423
"../../../SpaceCombat/Content/BarrelMaterial.uasset" 424
"../../../SpaceCombat/Content/RingMaterial.uasset" 425
"../../../SpaceCombat/Content/MinigunBarrels.uasset" 426
"../../../SpaceCombat/Content/CoverMaterial.uasset" 427
"../../../SpaceCombat/Content/MinigunBase.uasset" 428
"../../../SpaceCombat/Content/Minigun_BP_Test.uasset" 429
"../../../SpaceCombat/Content/StarterContent/Textures/T_Metal_Steel_D.uasset" 430
"../../../SpaceCombat/Content/StarterContent/Textures/T_Metal_Steel_N.uasset" 431
"../../../SpaceCombat/Content/Material/Emissive_Blue.uasset" 432
"../../../SpaceCombat/Content/Material/RedHot_2.uasset" 433
"../../../SpaceCombat/Content/Material/Swordfish_II.uasset" 434
"../../../SpaceCombat/Content/Material/SwordFish_II_Glow.uasset" 435
"../../../SpaceCombat/Content/Meshes/WeaponMeshes/FlatMissilePodFull.uasset" 436
"../../../SpaceCombat/Content/Meshes/WeaponMeshes/MissilePodFull.uasset" 437
"../../../SpaceCombat/Content/MinigunFull.uasset" 438
"../../../SpaceCombat/Content/Meshes/Sword2.uasset" 439
"../../../SpaceCombat/Content/BaseShipCTest.uasset" 440
"../../../SpaceCombat/Content/Blueprints/Weapons/WeaponType.uasset" 441
"../../../SpaceCombat/Content/Blueprints/Weapons/BaseWeapon.uasset" 442
"../../../SpaceCombat/Content/Audio/TheLibrarybyMTC_Robo_LaserBlast_Medium_027.uasset" 443
"../../../SpaceCombat/Content/Effects/Particles/Beam/Mat_Beam.uasset" 444
"../../../SpaceCombat/Content/Effects/Particles/Beam/Beam.uasset" 445
"../../../SpaceCombat/Content/Meshes/WeaponMeshes/beam.uasset" 446
"../../../SpaceCombat/Content/Blueprints/Weapons/HitscanWeapons/BaseBeam.uasset" 447
"../../../SpaceCombat/Content/StarterContent/Particles/Materials/M_Radial_Gradient.uasset" 448
"../../../SpaceCombat/Content/StarterContent/Textures/T_Smoke_SubUV.uasset" 449
"../../../SpaceCombat/Content/StarterContent/Textures/T_Smoke_Tiled_D.uasset" 450
"../../../SpaceCombat/Content/StarterContent/Particles/Materials/M_smoke_subUV.uasset" 451
"../../../SpaceCombat/Content/StarterContent/Textures/T_Spark_Core.uasset" 452
"../../../SpaceCombat/Content/StarterContent/Particles/Materials/M_Spark.uasset" 453
"../../../SpaceCombat/Content/StarterContent/Particles/P_Sparks.uasset" 454
"../../../SpaceCombat/Content/Blueprints/Weapons/ProjectileWeapons/BaseProjectile.uasset" 455
"../../../SpaceCombat/Content/Blueprints/Weapons/ProjectileWeapons/BaseProjectileWeapon.uasset" 456
"../../../SpaceCombat/Content/Blueprints/Weapons/ProjectileWeapons/NonHoming/AutoGun.uasset" 457
"../../../Engine/Content/EditorMaterials/WidgetMaterial_Current.uasset" 458
"../../../SpaceCombat/Content/StarterContent/Textures/T_MacroVariation.uasset" 459
"../../../SpaceCombat/Content/StarterContent/Materials/M_Metal_Steel.uasset" 460
"../../../SpaceCombat/Content/Audio/Utilities-Mine_or_System_activation-13.uasset" 461
"../../../SpaceCombat/Content/StarterContent/Textures/T_Dust_Particle_D.uasset" 462
"../../../SpaceCombat/Content/StarterContent/Particles/Materials/M_Dust_Particle.uasset" 463
"../../../SpaceCombat/Content/StarterContent/Particles/P_Ambient_Dust.uasset" 464
"../../../SpaceCombat/Content/Blueprints/Weapons/ProjectileWeapons/NonHoming/Projectiles/SonarDrillProjectile.uasset" 465
"../../../SpaceCombat/Content/Audio/transition_shutter_017.uasset" 466
"../../../SpaceCombat/Content/Blueprints/Weapons/ProjectileWeapons/NonHoming/SonarDrill.uasset" 467
"../../../SpaceCombat/Content/Material/PP_OutlineCustomDepthOcclusion.uasset" 468
"../../../SpaceCombat/Content/Audio/EFX_INT_Siren_Whistle_02.uasset" 469
"../../../SpaceCombat/Content/Audio/Heavy_Sci-Fi_Hit_HW_09.uasset" 470
"../../../SpaceCombat/Content/HitSoundAttenuation.uasset" 471
"../../../Engine/Content/Functions/Engine_MaterialFunctions02/Utility/Swizzle.uasset" 472
"../../../SpaceCombat/Content/Effects/Textures/Noise/T_HeatTile3_N.uasset" 473
"../../../SpaceCombat/Content/Effects/Textures/Noise/T_TilingNoise03.uasset" 474
"../../../SpaceCombat/Content/Effects/Textures/Water/T_FallingWater_01.uasset" 475
"../../../SpaceCombat/Content/Effects/Textures/Water/T_FallingWater_01_N.uasset" 476
"../../../SpaceCombat/Content/Effects/Textures/Water/T_FallingWater_02.uasset" 477
"../../../SpaceCombat/Content/Effects/Textures/Water/T_FallingWater_02_N.uasset" 478
"../../../SpaceCombat/Content/Effects/Materials/Water/M_WaterFalls_New.uasset" 479
"../../../SpaceCombat/Content/P_Drips_Splash_Ripples.uasset" 480
"../../../SpaceCombat/Content/StarterContent/Audio/Explosion02.uasset" 481
"../../../SpaceCombat/Content/StarterContent/Textures/T_Burst_M.uasset" 482
"../../../SpaceCombat/Content/StarterContent/Particles/Materials/M_Burst.uasset" 483
"../../../SpaceCombat/Content/StarterContent/Textures/T_Explosion_SubUV.uasset" 484
"../../../SpaceCombat/Content/StarterContent/Particles/Materials/M_explosion_subUV.uasset" 485
"../../../SpaceCombat/Content/StarterContent/Particles/Materials/m_flare_01.uasset" 486
"../../../SpaceCombat/Content/StarterContent/Particles/Materials/M_radial_ramp.uasset" 487
"../../../SpaceCombat/Content/StarterContent/Particles/P_Explosion.uasset" 488
"../../../SpaceCombat/Content/Blueprints/BaseShip/BaseShip.uasset" 489
"../../../Engine/Content/MapTemplates/CloudShadowSample.uasset" 490
"../../../Engine/Content/MapTemplates/CloudShadowSample4Iterations.uasset" 491
"../../../Engine/Content/MapTemplates/CloudDensityShadowing.uasset" 492
"../../../Engine/Content/MapTemplates/TestCard.uasset" 493
"../../../Engine/Content/MapTemplates/CloudShadowSample4Iterations_Hem.uasset" 494
"../../../Engine/Content/MapTemplates/CloudHemisphereShadowing.uasset" 495
"../../../Engine/Content/MapTemplates/T_UDK_Sky_CloudMask03.uasset" 496
"../../../Engine/Content/MapTemplates/CloudRimLighting.uasset" 497
"../../../Engine/Content/MapTemplates/TilingNoise05.uasset" 498
"../../../Engine/Content/MapTemplates/MASTER_Sky_Material.uasset" 499
"../../../Engine/Content/EngineSky/T_Sky_Blue.uasset" 500
"../../../Engine/Content/EngineSky/T_Sky_Clouds_M.uasset" 501
"../../../Engine/Content/EngineSky/T_Sky_Stars.uasset" 502
"../../../Engine/Content/EngineSky/M_Sky_Panning_Clouds2.uasset" 503
"../../../Engine/Content/EngineSky/SM_SkySphere.uasset" 504
"../../../SpaceCombat/Content/Levels/Skybox.uasset" 505
"../../../Engine/Content/Functions/Engine_MaterialFunctions03/ComplexMotion/Motion_4WayChaos.uasset" 506
"../../../Engine/Content/Engine_MI_Shaders/T_Base_Tile_Normal.uasset" 507
"../../../Engine/Content/Functions/Engine_MaterialFunctions03/ComplexMotion/Motion_4WayChaos_Normal.uasset" 508
"../../../SpaceCombat/Content/WaterPlane/Lake/Textures/T_MediumWaves_H.uasset" 509
"../../../SpaceCombat/Content/WaterPlane/Lake/Textures/T_MediumWaves_N.uasset" 510
"../../../SpaceCombat/Content/WaterPlane/Lake/Textures/T_SmallWaves_N.uasset" 511
"../../../SpaceCombat/Content/WaterPlane/Lake/Materials/M_LakeWater_01.uasset" 512
"../../../SpaceCombat/Content/WaterPlane/Ocean/Textures/T_LargeWaves_H.uasset" 513
"../../../SpaceCombat/Content/WaterPlane/Lake/Materials/M_LakeWater_01_Inst.uasset" 514
"../../../Engine/Content/MapTemplates/Sky/DaylightAmbientCubemap.uasset" 515
"../../../SpaceCombat/Content/WaterPlane/Ocean/Materials/OceanWater_SS.uasset" 516
"../../../SpaceCombat/Content/WaterPlane/Ocean/Textures/T_LargeWaves_N.uasset" 517
"../../../SpaceCombat/Content/WaterPlane/Ocean/Textures/T_Seafoam_01.uasset" 518
"../../../SpaceCombat/Content/WaterPlane/Ocean/Materials/M_OceanWater_1.uasset" 519
"../../../Engine/Content/MapTemplates/Sky/Desert_Outer_HDR.uasset" 520
"../../../SpaceCombat/Content/WaterPlane/Ocean/Materials/M_OceanWater_1_Inst.uasset" 521
"../../../SpaceCombat/Content/WaterPlane/Meshes/SM_OceanWater.uasset" 522
"../../../SpaceCombat/Content/WaterPlane/Lake/Blueprint/BP_LakeWater.uasset" 523
"../../../Engine/Content/EngineMaterials/PhysMat_Rubber.uasset" 524
"../../../SpaceCombat/Content/Effects/Particles/Water/P_WaterFall_MistCollide.uasset" 525
"../../../SpaceCombat/Content/WaterPlane/Ocean/Blueprint/BP_OceanWater.uasset" 526
"../../../SpaceCombat/Content/Levels/NewWorld_BuiltData.uasset" 527
"../../../SpaceCombat/Content/StarterContent/Textures/T_Ground_Grass_D.uasset" 528
"../../../SpaceCombat/Content/StarterContent/Textures/T_Ground_Grass_N.uasset" 529
"../../../SpaceCombat/Content/StarterContent/Textures/T_Perlin_Noise_M.uasset" 530
"../../../SpaceCombat/Content/StarterContent/Materials/M_Ground_Grass.uasset" 531
"../../../Engine/Content/EngineMaterials/PhysMat_Ice.uasset" 532
"../../../Engine/Content/MapTemplates/T_ScreenDirt02_w.uasset" 533
"../../../SpaceCombat/Content/StarterContent/Audio/Starter_Birds01.uasset" 534
"../../../SpaceCombat/Content/StarterContent/Audio/Starter_Wind05.uasset" 535
"../../../SpaceCombat/Content/Levels/NewWorld/NewWorld.umap" 536
"../../../Engine/Content/EngineSky/C_Sky_Cloud_Color.uasset" 537
"../../../Engine/Content/EngineSky/C_Sky_Horizon_Color.uasset" 538
"../../../Engine/Content/EngineSky/C_Sky_Zenith_Color.uasset" 539
"../../../Engine/Content/EngineSky/BP_Sky_Sphere.uasset" 540
"../../../SpaceCombat/Content/StarterContent/Materials/M_Metal_Brushed_Nickel.uasset" 541
"../../../SpaceCombat/Content/StarterContent/Textures/T_Metal_Aluminum_D.uasset" 542
"../../../SpaceCombat/Content/StarterContent/Textures/T_Metal_Gold_N.uasset" 543
"../../../SpaceCombat/Content/StarterContent/Materials/M_Metal_Burnished_Steel.uasset" 544
"../../../SpaceCombat/Content/StarterContent/Textures/T_Metal_Copper_D.uasset" 545
"../../../SpaceCombat/Content/StarterContent/Materials/M_Metal_Copper.uasset" 546
"../../../SpaceCombat/Content/StarterContent/Textures/T_Chair_M.uasset" 547
"../../../SpaceCombat/Content/StarterContent/Textures/T_Chair_N.uasset" 548
"../../../SpaceCombat/Content/StarterContent/Props/Materials/M_Chair.uasset" 549
"../../../SpaceCombat/Content/StarterContent/Textures/T_Statue_M.uasset" 550
"../../../SpaceCombat/Content/StarterContent/Textures/T_Statue_N.uasset" 551
"../../../SpaceCombat/Content/StarterContent/Props/Materials/M_StatueGlass.uasset" 552
"../../../SpaceCombat/Content/StarterContent/Materials/M_Basic_Floor.uasset" 553
"../../../SpaceCombat/Content/StarterContent/Architecture/Floor_400x400.uasset" 554
"../../../SpaceCombat/Content/StarterContent/Audio/Starter_Background_Cue.uasset" 555
"../../../SpaceCombat/Content/StarterContent/Props/SM_Chair.uasset" 556
"../../../SpaceCombat/Content/StarterContent/Props/Materials/M_Statue.uasset" 557
"../../../SpaceCombat/Content/StarterContent/Props/SM_Statue.uasset" 558
"../../../SpaceCombat/Content/StarterContent/Textures/T_TableRound_M.uasset" 559
"../../../SpaceCombat/Content/StarterContent/Textures/T_TableRound_N.uasset" 560
"../../../SpaceCombat/Content/StarterContent/Props/Materials/M_TableRound.uasset" 561
"../../../SpaceCombat/Content/StarterContent/Props/SM_TableRound.uasset" 562
"../../../SpaceCombat/Content/StarterContent/Maps/Minimal_Default.umap" 563
"../../../Engine/Content/Maps/Entry.umap" 564
